Determining if the pthread_create exist failed with the following output:
Change Dir: /home/james/Documents/CubeSat-ADCS/build/CMakeFiles/CMakeTmp

Run Build Command:"/usr/bin/make" "cmTC_ae1ce/fast"
/usr/bin/make -f CMakeFiles/cmTC_ae1ce.dir/build.make CMakeFiles/cmTC_ae1ce.dir/build
make[1]: Entering directory '/home/james/Documents/CubeSat-ADCS/build/CMakeFiles/CMakeTmp'
Building C object CMakeFiles/cmTC_ae1ce.dir/CheckSymbolExists.c.o
/usr/bin/gcc-7    -o CMakeFiles/cmTC_ae1ce.dir/CheckSymbolExists.c.o   -c /home/james/Documents/CubeSat-ADCS/build/CMakeFiles/CMakeTmp/CheckSymbolExists.c
Linking C executable cmTC_ae1ce
/usr/bin/cmake -E cmake_link_script CMakeFiles/cmTC_ae1ce.dir/link.txt --verbose=1
/usr/bin/gcc-7      -rdynamic CMakeFiles/cmTC_ae1ce.dir/CheckSymbolExists.c.o  -o cmTC_ae1ce 
CMakeFiles/cmTC_ae1ce.dir/CheckSymbolExists.c.o: In function `main':
CheckSymbolExists.c:(.text+0x1b): undefined reference to `pthread_create'
collect2: error: ld returned 1 exit status
CMakeFiles/cmTC_ae1ce.dir/build.make:97: recipe for target 'cmTC_ae1ce' failed
make[1]: *** [cmTC_ae1ce] Error 1
make[1]: Leaving directory '/home/james/Documents/CubeSat-ADCS/build/CMakeFiles/CMakeTmp'
Makefile:126: recipe for target 'cmTC_ae1ce/fast' failed
make: *** [cmTC_ae1ce/fast] Error 2

File /home/james/Documents/CubeSat-ADCS/build/CMakeFiles/CMakeTmp/CheckSymbolExists.c:
/* */
#include <pthread.h>

int main(int argc, char** argv)
{
  (void)argv;
#ifndef pthread_create
  return ((int*)(&pthread_create))[argc];
#else
  (void)argc;
  return 0;
#endif
}

Determining if the function pthread_create exists in the pthreads failed with the following output:
Change Dir: /home/james/Documents/CubeSat-ADCS/build/CMakeFiles/CMakeTmp

Run Build Command:"/usr/bin/make" "cmTC_4c266/fast"
/usr/bin/make -f CMakeFiles/cmTC_4c266.dir/build.make CMakeFiles/cmTC_4c266.dir/build
make[1]: Entering directory '/home/james/Documents/CubeSat-ADCS/build/CMakeFiles/CMakeTmp'
Building C object CMakeFiles/cmTC_4c266.dir/CheckFunctionExists.c.o
/usr/bin/gcc-7   -DCHECK_FUNCTION_EXISTS=pthread_create   -o CMakeFiles/cmTC_4c266.dir/CheckFunctionExists.c.o   -c /usr/share/cmake-3.10/Modules/CheckFunctionExists.c
Linking C executable cmTC_4c266
/usr/bin/cmake -E cmake_link_script CMakeFiles/cmTC_4c266.dir/link.txt --verbose=1
/usr/bin/gcc-7  -DCHECK_FUNCTION_EXISTS=pthread_create    -rdynamic CMakeFiles/cmTC_4c266.dir/CheckFunctionExists.c.o  -o cmTC_4c266 -lpthreads 
/usr/bin/ld: cannot find -lpthreads
collect2: error: ld returned 1 exit status
CMakeFiles/cmTC_4c266.dir/build.make:97: recipe for target 'cmTC_4c266' failed
make[1]: *** [cmTC_4c266] Error 1
make[1]: Leaving directory '/home/james/Documents/CubeSat-ADCS/build/CMakeFiles/CMakeTmp'
Makefile:126: recipe for target 'cmTC_4c266/fast' failed
make: *** [cmTC_4c266/fast] Error 2


